

============================== 18:36:57.493017 | 9e6499b3-fd6c-4d92-bd2a-c35fcfa38db1 ==============================
[0m18:36:57.493017 [info ] [MainThread]: Running with dbt=1.5.1
[0m18:36:57.504771 [debug] [MainThread]: running dbt with arguments {'printer_width': '80', 'indirect_selection': 'eager', 'write_json': 'True', 'log_cache_events': 'False', 'partial_parse': 'True', 'cache_selected_only': 'False', 'profiles_dir': '/Users/domenico-boris.salvati/HTG/data-warehouse/transform/config/', 'fail_fast': 'False', 'version_check': 'True', 'log_path': 'logs', 'debug': 'False', 'warn_error': 'None', 'use_colors': 'True', 'use_experimental_parser': 'False', 'no_print': 'None', 'quiet': 'False', 'warn_error_options': 'WarnErrorOptions(include=[], exclude=[])', 'static_parser': 'True', 'log_format': 'default', 'introspect': 'True', 'target_path': 'None', 'send_anonymous_usage_stats': 'False'}
[0m18:36:57.505873 [error] [MainThread]: Encountered an error:
Runtime Error
  No dbt_project.yml found at expected path /Users/domenico-boris.salvati/Personal/analytics-engineering/dbt_project.yml
  Verify that each entry within packages.yml (and their transitive dependencies) contains a file named dbt_project.yml
  
[0m18:36:57.507356 [debug] [MainThread]: Command `dbt compile` failed at 18:36:57.506858 after 0.10 seconds
[0m18:36:57.507877 [debug] [MainThread]: Flushing usage events


============================== 19:08:02.928947 | 97bfd174-86a5-4ca3-8a81-5d1c3e85bb19 ==============================
[0m19:08:02.928947 [info ] [MainThread]: Running with dbt=1.5.1
[0m19:08:02.937965 [debug] [MainThread]: running dbt with arguments {'printer_width': '80', 'indirect_selection': 'eager', 'log_cache_events': 'False', 'write_json': 'True', 'partial_parse': 'True', 'cache_selected_only': 'False', 'warn_error': 'None', 'fail_fast': 'False', 'version_check': 'True', 'log_path': 'logs', 'debug': 'False', 'profiles_dir': '/Users/domenico-boris.salvati/HTG/data-warehouse/transform/config/', 'use_colors': 'True', 'use_experimental_parser': 'False', 'no_print': 'None', 'quiet': 'False', 'log_format': 'default', 'introspect': 'True', 'warn_error_options': 'WarnErrorOptions(include=[], exclude=[])', 'static_parser': 'True', 'target_path': 'None', 'send_anonymous_usage_stats': 'False'}
[0m19:08:02.939162 [info ] [MainThread]: dbt version: 1.5.1
[0m19:08:02.939768 [info ] [MainThread]: python version: 3.8.7
[0m19:08:02.940550 [info ] [MainThread]: python path: /Users/domenico-boris.salvati/.pyenv/versions/3.8.7/envs/dbt-bigquery/bin/python3.8
[0m19:08:02.941235 [info ] [MainThread]: os info: macOS-12.6-x86_64-i386-64bit
[0m19:08:02.941830 [info ] [MainThread]: Using profiles.yml file at /Users/domenico-boris.salvati/HTG/data-warehouse/transform/config/profiles.yml
[0m19:08:02.942678 [info ] [MainThread]: Using dbt_project.yml file at /Users/domenico-boris.salvati/Personal/analytics-engineering/dbt_project.yml
[0m19:08:02.943339 [info ] [MainThread]: Configuration:
[0m19:08:04.008067 [info ] [MainThread]: Error importing adapter: No module named 'dbt.adapters.snowflake'
[0m19:08:04.026684 [info ] [MainThread]: Error importing adapter: No module named 'dbt.adapters.snowflake'
[0m19:08:04.044952 [info ] [MainThread]: Error importing adapter: No module named 'dbt.adapters.snowflake'
[0m19:08:04.112977 [info ] [MainThread]: Error importing adapter: No module named 'dbt.adapters.snowflake'
[0m19:08:04.133276 [info ] [MainThread]: Error importing adapter: No module named 'dbt.adapters.snowflake'
[0m19:08:04.153081 [info ] [MainThread]: Error importing adapter: No module named 'dbt.adapters.snowflake'
[0m19:08:04.173638 [info ] [MainThread]: Error importing adapter: No module named 'dbt.adapters.snowflake'
[0m19:08:04.193887 [info ] [MainThread]: Error importing adapter: No module named 'dbt.adapters.snowflake'
[0m19:08:04.212386 [info ] [MainThread]: Error importing adapter: No module named 'dbt.adapters.snowflake'
[0m19:08:04.232677 [info ] [MainThread]: Error importing adapter: No module named 'dbt.adapters.snowflake'
[0m19:08:04.267307 [info ] [MainThread]: Error importing adapter: No module named 'dbt.adapters.snowflake'
[0m19:08:04.268336 [info ] [MainThread]:   profiles.yml file [[31mERROR invalid[0m]
[0m19:08:04.269012 [info ] [MainThread]:   dbt_project.yml file [[31mERROR not found[0m]
[0m19:08:04.269886 [info ] [MainThread]: Required dependencies:
[0m19:08:04.271421 [debug] [MainThread]: Executing "git --help"
[0m19:08:04.336337 [debug] [MainThread]: STDOUT: "b"usage: git [-v | --version] [-h | --help] [-C <path>] [-c <name>=<value>]\n           [--exec-path[=<path>]] [--html-path] [--man-path] [--info-path]\n           [-p | --paginate | -P | --no-pager] [--no-replace-objects] [--bare]\n           [--git-dir=<path>] [--work-tree=<path>] [--namespace=<name>]\n           [--super-prefix=<path>] [--config-env=<name>=<envvar>]\n           <command> [<args>]\n\nThese are common Git commands used in various situations:\n\nstart a working area (see also: git help tutorial)\n   clone     Clone a repository into a new directory\n   init      Create an empty Git repository or reinitialize an existing one\n\nwork on the current change (see also: git help everyday)\n   add       Add file contents to the index\n   mv        Move or rename a file, a directory, or a symlink\n   restore   Restore working tree files\n   rm        Remove files from the working tree and from the index\n\nexamine the history and state (see also: git help revisions)\n   bisect    Use binary search to find the commit that introduced a bug\n   diff      Show changes between commits, commit and working tree, etc\n   grep      Print lines matching a pattern\n   log       Show commit logs\n   show      Show various types of objects\n   status    Show the working tree status\n\ngrow, mark and tweak your common history\n   branch    List, create, or delete branches\n   commit    Record changes to the repository\n   merge     Join two or more development histories together\n   rebase    Reapply commits on top of another base tip\n   reset     Reset current HEAD to the specified state\n   switch    Switch branches\n   tag       Create, list, delete or verify a tag object signed with GPG\n\ncollaborate (see also: git help workflows)\n   fetch     Download objects and refs from another repository\n   pull      Fetch from and integrate with another repository or a local branch\n   push      Update remote refs along with associated objects\n\n'git help -a' and 'git help -g' list available subcommands and some\nconcept guides. See 'git help <command>' or 'git help <concept>'\nto read about a specific subcommand or concept.\nSee 'git help git' for an overview of the system.\n""
[0m19:08:04.338134 [debug] [MainThread]: STDERR: "b''"
[0m19:08:04.338721 [info ] [MainThread]:  - git [[32mOK found[0m]

[0m19:08:04.339414 [info ] [MainThread]: [31m2 checks failed:[0m
[0m19:08:04.340256 [info ] [MainThread]: Could not load dbt_project.yml

[0m19:08:04.341288 [info ] [MainThread]: Profile loading failed for the following reason:
Runtime Error
  Credentials in profile "snowflake_dbt", target "docs" invalid: Runtime Error
    Could not find adapter type snowflake!

Runtime Error
  Credentials in profile "snowflake_dbt_core", target "dev" invalid: Runtime Error
    Could not find adapter type snowflake!

Runtime Error
  Credentials in profile "snowflake_dbt_ds", target "dev" invalid: Runtime Error
    Could not find adapter type snowflake!

Runtime Error
  Credentials in profile "snowflake_dbt_finance", target "dev" invalid: Runtime Error
    Could not find adapter type snowflake!

Runtime Error
  Credentials in profile "snowflake_dbt_homeowners", target "dev" invalid: Runtime Error
    Could not find adapter type snowflake!

Runtime Error
  Credentials in profile "snowflake_dbt_marketing", target "dev" invalid: Runtime Error
    Could not find adapter type snowflake!

Runtime Error
  Credentials in profile "snowflake_dbt_panda", target "dev" invalid: Runtime Error
    Could not find adapter type snowflake!

Runtime Error
  Credentials in profile "snowflake_dbt_partner", target "dev" invalid: Runtime Error
    Could not find adapter type snowflake!

Runtime Error
  Credentials in profile "snowflake_dbt_product", target "dev" invalid: Runtime Error
    Could not find adapter type snowflake!

Runtime Error
  Credentials in profile "snowflake_dbt_salesforce", target "dev" invalid: Runtime Error
    Could not find adapter type snowflake!

Runtime Error
  The profile 'snowflake_dbt_secure' does not have a target named 'dev'. The valid target names for this profile are:
   - ci
   - prod
   - stage

Runtime Error
  Credentials in profile "snowflake_dbt_smoobu", target "dev" invalid: Runtime Error
    Could not find adapter type snowflake!


[0m19:08:04.344053 [debug] [MainThread]: Command `dbt debug` failed at 19:08:04.343634 after 1.50 seconds
[0m19:08:04.344908 [debug] [MainThread]: Flushing usage events


============================== 19:15:08.781168 | 7b8bc9e1-6d8d-423b-af25-b523057057d2 ==============================
[0m19:15:08.781168 [info ] [MainThread]: Running with dbt=1.5.1
[0m19:15:08.789502 [debug] [MainThread]: running dbt with arguments {'printer_width': '80', 'indirect_selection': 'eager', 'write_json': 'True', 'log_cache_events': 'False', 'partial_parse': 'True', 'cache_selected_only': 'False', 'warn_error': 'None', 'debug': 'False', 'fail_fast': 'False', 'log_path': 'logs', 'version_check': 'True', 'profiles_dir': '/Users/domenico-boris.salvati/HTG/data-warehouse/transform/config/', 'use_colors': 'True', 'use_experimental_parser': 'False', 'no_print': 'None', 'quiet': 'False', 'warn_error_options': 'WarnErrorOptions(include=[], exclude=[])', 'static_parser': 'True', 'introspect': 'True', 'log_format': 'default', 'target_path': 'None', 'send_anonymous_usage_stats': 'False'}
[0m19:15:08.790471 [info ] [MainThread]: To view your profiles.yml file, run:

open /Users/domenico-boris.salvati/HTG/data-warehouse/transform/config/
[0m19:15:08.791706 [debug] [MainThread]: Command `dbt debug` succeeded at 19:15:08.791445 after 0.08 seconds
[0m19:15:08.792202 [debug] [MainThread]: Flushing usage events
[0m19:16:06.171588 [debug] [MainThread]: Sending event: {'category': 'dbt', 'action': 'invocation', 'label': 'start', 'context': [<snowplow_tracker.self_describing_json.SelfDescribingJson object at 0x105b4ab80>, <snowplow_tracker.self_describing_json.SelfDescribingJson object at 0x106cca610>, <snowplow_tracker.self_describing_json.SelfDescribingJson object at 0x106cef2b0>]}


============================== 19:16:06.179223 | 3b251ee2-8355-4da6-8716-c9011a10d6c7 ==============================
[0m19:16:06.179223 [info ] [MainThread]: Running with dbt=1.5.1
[0m19:16:06.180128 [debug] [MainThread]: running dbt with arguments {'printer_width': '80', 'indirect_selection': 'eager', 'log_cache_events': 'False', 'write_json': 'True', 'partial_parse': 'True', 'cache_selected_only': 'False', 'warn_error': 'None', 'fail_fast': 'False', 'profiles_dir': '/Users/domenico-boris.salvati/.dbt/profiles.yml', 'log_path': 'logs', 'debug': 'False', 'version_check': 'True', 'use_colors': 'True', 'use_experimental_parser': 'False', 'no_print': 'None', 'quiet': 'False', 'warn_error_options': 'WarnErrorOptions(include=[], exclude=[])', 'introspect': 'True', 'static_parser': 'True', 'log_format': 'default', 'target_path': 'None', 'send_anonymous_usage_stats': 'True'}
[0m19:16:06.181252 [info ] [MainThread]: dbt version: 1.5.1
[0m19:16:06.181965 [info ] [MainThread]: python version: 3.8.7
[0m19:16:06.182656 [info ] [MainThread]: python path: /Users/domenico-boris.salvati/.pyenv/versions/3.8.7/envs/dbt-bigquery/bin/python3.8
[0m19:16:06.183397 [info ] [MainThread]: os info: macOS-12.6-x86_64-i386-64bit
[0m19:16:06.184007 [info ] [MainThread]: Using profiles.yml file at /Users/domenico-boris.salvati/.dbt/profiles.yml/profiles.yml
[0m19:16:06.184611 [info ] [MainThread]: Using dbt_project.yml file at /Users/domenico-boris.salvati/Personal/analytics-engineering/dbt_project.yml
[0m19:16:06.185256 [info ] [MainThread]: Configuration:
[0m19:16:06.185906 [info ] [MainThread]:   profiles.yml file [[31mERROR not found[0m]
[0m19:16:06.186524 [info ] [MainThread]:   dbt_project.yml file [[31mERROR not found[0m]
[0m19:16:06.187397 [info ] [MainThread]: Required dependencies:
[0m19:16:06.189615 [debug] [MainThread]: Executing "git --help"
[0m19:16:06.248453 [debug] [MainThread]: STDOUT: "b"usage: git [-v | --version] [-h | --help] [-C <path>] [-c <name>=<value>]\n           [--exec-path[=<path>]] [--html-path] [--man-path] [--info-path]\n           [-p | --paginate | -P | --no-pager] [--no-replace-objects] [--bare]\n           [--git-dir=<path>] [--work-tree=<path>] [--namespace=<name>]\n           [--super-prefix=<path>] [--config-env=<name>=<envvar>]\n           <command> [<args>]\n\nThese are common Git commands used in various situations:\n\nstart a working area (see also: git help tutorial)\n   clone     Clone a repository into a new directory\n   init      Create an empty Git repository or reinitialize an existing one\n\nwork on the current change (see also: git help everyday)\n   add       Add file contents to the index\n   mv        Move or rename a file, a directory, or a symlink\n   restore   Restore working tree files\n   rm        Remove files from the working tree and from the index\n\nexamine the history and state (see also: git help revisions)\n   bisect    Use binary search to find the commit that introduced a bug\n   diff      Show changes between commits, commit and working tree, etc\n   grep      Print lines matching a pattern\n   log       Show commit logs\n   show      Show various types of objects\n   status    Show the working tree status\n\ngrow, mark and tweak your common history\n   branch    List, create, or delete branches\n   commit    Record changes to the repository\n   merge     Join two or more development histories together\n   rebase    Reapply commits on top of another base tip\n   reset     Reset current HEAD to the specified state\n   switch    Switch branches\n   tag       Create, list, delete or verify a tag object signed with GPG\n\ncollaborate (see also: git help workflows)\n   fetch     Download objects and refs from another repository\n   pull      Fetch from and integrate with another repository or a local branch\n   push      Update remote refs along with associated objects\n\n'git help -a' and 'git help -g' list available subcommands and some\nconcept guides. See 'git help <command>' or 'git help <concept>'\nto read about a specific subcommand or concept.\nSee 'git help git' for an overview of the system.\n""
[0m19:16:06.249510 [debug] [MainThread]: STDERR: "b''"
[0m19:16:06.250286 [info ] [MainThread]:  - git [[32mOK found[0m]

[0m19:16:06.251230 [info ] [MainThread]: [31m1 check failed:[0m
[0m19:16:06.252114 [info ] [MainThread]: dbt looked for a profiles.yml file in /Users/domenico-boris.salvati/.dbt/profiles.yml/profiles.yml, but did
not find one. For more information on configuring your profile, consult the
documentation:

https://docs.getdbt.com/docs/configure-your-profile


[0m19:16:06.253422 [debug] [MainThread]: Command `dbt debug` failed at 19:16:06.253168 after 0.13 seconds
[0m19:16:06.254155 [debug] [MainThread]: Sending event: {'category': 'dbt', 'action': 'invocation', 'label': 'end', 'context': [<snowplow_tracker.self_describing_json.SelfDescribingJson object at 0x105b4ab80>, <snowplow_tracker.self_describing_json.SelfDescribingJson object at 0x106cca610>, <snowplow_tracker.self_describing_json.SelfDescribingJson object at 0x106ccaac0>]}
[0m19:16:06.254728 [debug] [MainThread]: Flushing usage events
[0m19:16:53.592413 [debug] [MainThread]: Sending event: {'category': 'dbt', 'action': 'invocation', 'label': 'start', 'context': [<snowplow_tracker.self_describing_json.SelfDescribingJson object at 0x10da22040>, <snowplow_tracker.self_describing_json.SelfDescribingJson object at 0x10eb91f40>, <snowplow_tracker.self_describing_json.SelfDescribingJson object at 0x10ebdcaf0>]}


============================== 19:16:53.602666 | 658cb423-935f-4395-867a-2d7411c95a89 ==============================
[0m19:16:53.602666 [info ] [MainThread]: Running with dbt=1.5.1
[0m19:16:53.603571 [debug] [MainThread]: running dbt with arguments {'printer_width': '80', 'indirect_selection': 'eager', 'write_json': 'True', 'log_cache_events': 'False', 'partial_parse': 'True', 'cache_selected_only': 'False', 'warn_error': 'None', 'fail_fast': 'False', 'debug': 'False', 'log_path': 'logs', 'version_check': 'True', 'profiles_dir': '/Users/domenico-boris.salvati/.dbt', 'use_colors': 'True', 'use_experimental_parser': 'False', 'no_print': 'None', 'quiet': 'False', 'warn_error_options': 'WarnErrorOptions(include=[], exclude=[])', 'static_parser': 'True', 'introspect': 'True', 'log_format': 'default', 'target_path': 'None', 'send_anonymous_usage_stats': 'True'}
[0m19:16:53.604567 [info ] [MainThread]: dbt version: 1.5.1
[0m19:16:53.605171 [info ] [MainThread]: python version: 3.8.7
[0m19:16:53.606166 [info ] [MainThread]: python path: /Users/domenico-boris.salvati/.pyenv/versions/3.8.7/envs/dbt-bigquery/bin/python3.8
[0m19:16:53.607102 [info ] [MainThread]: os info: macOS-12.6-x86_64-i386-64bit
[0m19:16:53.607816 [info ] [MainThread]: Using profiles.yml file at /Users/domenico-boris.salvati/.dbt/profiles.yml
[0m19:16:53.608521 [info ] [MainThread]: Using dbt_project.yml file at /Users/domenico-boris.salvati/Personal/analytics-engineering/dbt_project.yml
[0m19:16:53.609261 [info ] [MainThread]: Configuration:
[0m19:16:53.624295 [info ] [MainThread]: Error importing adapter: No module named 'dbt.adapters.snowflake'
[0m19:16:54.371505 [info ] [MainThread]:   profiles.yml file [[31mERROR invalid[0m]
[0m19:16:54.372190 [info ] [MainThread]:   dbt_project.yml file [[31mERROR not found[0m]
[0m19:16:54.372844 [info ] [MainThread]: Required dependencies:
[0m19:16:54.374040 [debug] [MainThread]: Executing "git --help"
[0m19:16:54.433691 [debug] [MainThread]: STDOUT: "b"usage: git [-v | --version] [-h | --help] [-C <path>] [-c <name>=<value>]\n           [--exec-path[=<path>]] [--html-path] [--man-path] [--info-path]\n           [-p | --paginate | -P | --no-pager] [--no-replace-objects] [--bare]\n           [--git-dir=<path>] [--work-tree=<path>] [--namespace=<name>]\n           [--super-prefix=<path>] [--config-env=<name>=<envvar>]\n           <command> [<args>]\n\nThese are common Git commands used in various situations:\n\nstart a working area (see also: git help tutorial)\n   clone     Clone a repository into a new directory\n   init      Create an empty Git repository or reinitialize an existing one\n\nwork on the current change (see also: git help everyday)\n   add       Add file contents to the index\n   mv        Move or rename a file, a directory, or a symlink\n   restore   Restore working tree files\n   rm        Remove files from the working tree and from the index\n\nexamine the history and state (see also: git help revisions)\n   bisect    Use binary search to find the commit that introduced a bug\n   diff      Show changes between commits, commit and working tree, etc\n   grep      Print lines matching a pattern\n   log       Show commit logs\n   show      Show various types of objects\n   status    Show the working tree status\n\ngrow, mark and tweak your common history\n   branch    List, create, or delete branches\n   commit    Record changes to the repository\n   merge     Join two or more development histories together\n   rebase    Reapply commits on top of another base tip\n   reset     Reset current HEAD to the specified state\n   switch    Switch branches\n   tag       Create, list, delete or verify a tag object signed with GPG\n\ncollaborate (see also: git help workflows)\n   fetch     Download objects and refs from another repository\n   pull      Fetch from and integrate with another repository or a local branch\n   push      Update remote refs along with associated objects\n\n'git help -a' and 'git help -g' list available subcommands and some\nconcept guides. See 'git help <command>' or 'git help <concept>'\nto read about a specific subcommand or concept.\nSee 'git help git' for an overview of the system.\n""
[0m19:16:54.435175 [debug] [MainThread]: STDERR: "b''"
[0m19:16:54.435668 [info ] [MainThread]:  - git [[32mOK found[0m]

[0m19:16:54.436365 [info ] [MainThread]: [31m2 checks failed:[0m
[0m19:16:54.437387 [info ] [MainThread]: Could not load dbt_project.yml

[0m19:16:54.438173 [info ] [MainThread]: Profile loading failed for the following reason:
Runtime Error
  Credentials in profile "snowflake_dbt", target "dev" invalid: Runtime Error
    Could not find adapter type snowflake!


[0m19:16:54.440274 [debug] [MainThread]: Command `dbt debug` failed at 19:16:54.439931 after 0.90 seconds
[0m19:16:54.441266 [debug] [MainThread]: Sending event: {'category': 'dbt', 'action': 'invocation', 'label': 'end', 'context': [<snowplow_tracker.self_describing_json.SelfDescribingJson object at 0x10da22040>, <snowplow_tracker.self_describing_json.SelfDescribingJson object at 0x10f90c880>, <snowplow_tracker.self_describing_json.SelfDescribingJson object at 0x10f90c730>]}
[0m19:16:54.442075 [debug] [MainThread]: Flushing usage events
[0m19:19:40.690880 [debug] [MainThread]: Sending event: {'category': 'dbt', 'action': 'invocation', 'label': 'start', 'context': [<snowplow_tracker.self_describing_json.SelfDescribingJson object at 0x10861d580>, <snowplow_tracker.self_describing_json.SelfDescribingJson object at 0x10977ae50>, <snowplow_tracker.self_describing_json.SelfDescribingJson object at 0x1097c5a30>]}


============================== 19:19:40.700450 | 7e02dd1c-8bc1-43d4-be81-fa6b0f974d50 ==============================
[0m19:19:40.700450 [info ] [MainThread]: Running with dbt=1.5.1
[0m19:19:40.701472 [debug] [MainThread]: running dbt with arguments {'printer_width': '80', 'indirect_selection': 'eager', 'write_json': 'True', 'log_cache_events': 'False', 'partial_parse': 'True', 'cache_selected_only': 'False', 'warn_error': 'None', 'debug': 'False', 'profiles_dir': '/Users/domenico-boris.salvati/.dbt-bigquery', 'log_path': 'logs', 'fail_fast': 'False', 'version_check': 'True', 'use_colors': 'True', 'use_experimental_parser': 'False', 'no_print': 'None', 'quiet': 'False', 'log_format': 'default', 'introspect': 'True', 'static_parser': 'True', 'warn_error_options': 'WarnErrorOptions(include=[], exclude=[])', 'target_path': 'None', 'send_anonymous_usage_stats': 'True'}
[0m19:19:40.702424 [info ] [MainThread]: dbt version: 1.5.1
[0m19:19:40.703059 [info ] [MainThread]: python version: 3.8.7
[0m19:19:40.703894 [info ] [MainThread]: python path: /Users/domenico-boris.salvati/.pyenv/versions/3.8.7/envs/dbt-bigquery/bin/python3.8
[0m19:19:40.704609 [info ] [MainThread]: os info: macOS-12.6-x86_64-i386-64bit
[0m19:19:40.705288 [info ] [MainThread]: Using profiles.yml file at /Users/domenico-boris.salvati/.dbt-bigquery/profiles.yml
[0m19:19:40.705833 [info ] [MainThread]: Using dbt_project.yml file at /Users/domenico-boris.salvati/Personal/analytics-engineering/dbt_project.yml
[0m19:19:40.706330 [info ] [MainThread]: Configuration:
[0m19:19:41.418736 [info ] [MainThread]:   profiles.yml file [[32mOK found and valid[0m]
[0m19:19:41.419473 [info ] [MainThread]:   dbt_project.yml file [[31mERROR not found[0m]
[0m19:19:41.420306 [info ] [MainThread]: Required dependencies:
[0m19:19:41.421513 [debug] [MainThread]: Executing "git --help"
[0m19:19:41.483241 [debug] [MainThread]: STDOUT: "b"usage: git [-v | --version] [-h | --help] [-C <path>] [-c <name>=<value>]\n           [--exec-path[=<path>]] [--html-path] [--man-path] [--info-path]\n           [-p | --paginate | -P | --no-pager] [--no-replace-objects] [--bare]\n           [--git-dir=<path>] [--work-tree=<path>] [--namespace=<name>]\n           [--super-prefix=<path>] [--config-env=<name>=<envvar>]\n           <command> [<args>]\n\nThese are common Git commands used in various situations:\n\nstart a working area (see also: git help tutorial)\n   clone     Clone a repository into a new directory\n   init      Create an empty Git repository or reinitialize an existing one\n\nwork on the current change (see also: git help everyday)\n   add       Add file contents to the index\n   mv        Move or rename a file, a directory, or a symlink\n   restore   Restore working tree files\n   rm        Remove files from the working tree and from the index\n\nexamine the history and state (see also: git help revisions)\n   bisect    Use binary search to find the commit that introduced a bug\n   diff      Show changes between commits, commit and working tree, etc\n   grep      Print lines matching a pattern\n   log       Show commit logs\n   show      Show various types of objects\n   status    Show the working tree status\n\ngrow, mark and tweak your common history\n   branch    List, create, or delete branches\n   commit    Record changes to the repository\n   merge     Join two or more development histories together\n   rebase    Reapply commits on top of another base tip\n   reset     Reset current HEAD to the specified state\n   switch    Switch branches\n   tag       Create, list, delete or verify a tag object signed with GPG\n\ncollaborate (see also: git help workflows)\n   fetch     Download objects and refs from another repository\n   pull      Fetch from and integrate with another repository or a local branch\n   push      Update remote refs along with associated objects\n\n'git help -a' and 'git help -g' list available subcommands and some\nconcept guides. See 'git help <command>' or 'git help <concept>'\nto read about a specific subcommand or concept.\nSee 'git help git' for an overview of the system.\n""
[0m19:19:41.484844 [debug] [MainThread]: STDERR: "b''"
[0m19:19:41.485362 [info ] [MainThread]:  - git [[32mOK found[0m]

[0m19:19:41.485969 [info ] [MainThread]: Connection:
[0m19:19:41.487421 [info ] [MainThread]:   method: oauth
[0m19:19:41.488194 [info ] [MainThread]:   database: ntdwh-389815
[0m19:19:41.488799 [info ] [MainThread]:   schema: dl_northwind
[0m19:19:41.489368 [info ] [MainThread]:   location: EU
[0m19:19:41.489969 [info ] [MainThread]:   priority: None
[0m19:19:41.490531 [info ] [MainThread]:   timeout_seconds: 300
[0m19:19:41.491051 [info ] [MainThread]:   maximum_bytes_billed: None
[0m19:19:41.491585 [info ] [MainThread]:   execution_project: ntdwh-389815
[0m19:19:41.492291 [info ] [MainThread]:   job_retry_deadline_seconds: None
[0m19:19:41.493491 [info ] [MainThread]:   job_retries: 1
[0m19:19:41.494614 [info ] [MainThread]:   job_creation_timeout_seconds: None
[0m19:19:41.496167 [info ] [MainThread]:   job_execution_timeout_seconds: 300
[0m19:19:41.496803 [info ] [MainThread]:   gcs_bucket: None
[0m19:19:41.509673 [debug] [MainThread]: Acquiring new bigquery connection 'debug'
[0m19:19:41.513516 [debug] [MainThread]: Opening a new connection, currently in state init
[0m19:19:43.351273 [debug] [MainThread]: On debug: select 1 as id
[0m19:19:46.574647 [debug] [MainThread]: BigQuery adapter: https://console.cloud.google.com/bigquery?project=ntdwh-389815&j=bq:EU:9af23bd4-958d-48b6-a509-f4ad9fe60eda&page=queryresults
[0m19:19:46.576082 [info ] [MainThread]:   Connection test: [[32mOK connection ok[0m]

[0m19:19:46.577355 [info ] [MainThread]: [31m1 check failed:[0m
[0m19:19:46.578817 [info ] [MainThread]: Could not load dbt_project.yml

[0m19:19:46.582017 [debug] [MainThread]: Command `dbt debug` failed at 19:19:46.581558 after 5.95 seconds
[0m19:19:46.583184 [debug] [MainThread]: Connection 'debug' was properly closed.
[0m19:19:46.584583 [debug] [MainThread]: Sending event: {'category': 'dbt', 'action': 'invocation', 'label': 'end', 'context': [<snowplow_tracker.self_describing_json.SelfDescribingJson object at 0x10861d580>, <snowplow_tracker.self_describing_json.SelfDescribingJson object at 0x10a544070>, <snowplow_tracker.self_describing_json.SelfDescribingJson object at 0x10a544f70>]}
[0m19:19:46.585817 [debug] [MainThread]: Flushing usage events
